<?xml version="1.0" encoding="UTF-8"?>
<testsuite xmlns:xsi="http://www.w3.org/2001/XMLSchema-instance" xsi:noNamespaceSchemaLocation="https://maven.apache.org/surefire/maven-surefire-plugin/xsd/surefire-test-report-3.0.xsd" version="3.0" name="com.mercado.security.SecurityApplicationTests" time="7.222" tests="1" errors="0" skipped="0" failures="0">
  <properties>
[...]
</properties>
  <testcase name="contextLoads" classname="com.mercado.security.SecurityApplicationTests" time="1.363">
    <system-out><![CDATA[09:20:19.648 [main] INFO org.springframework.test.context.support.AnnotationConfigContextLoaderUtils -- Could not detect default configuration classes for test class [com.mercado.security.SecurityApplicationTests]: SecurityApplicationTests does not declare any static, non-private, non-final, nested classes annotated with @Configuration.
09:20:19.813 [main] INFO org.springframework.boot.test.context.SpringBootTestContextBootstrapper -- Found @SpringBootConfiguration com.mercado.security.SecurityApplication for test class com.mercado.security.SecurityApplicationTests

  .   ____          _            __ _ _
 /\\ / ___'_ __ _ _(_)_ __  __ _ \ \ \ \
( ( )\___ | '_ | '_| | '_ \/ _` | \ \ \ \
 \\/  ___)| |_)| | | | | || (_| |  ) ) ) )
  '  |____| .__|_| |_|_| |_\__, | / / / /
 =========|_|==============|___/=/_/_/_/
 :: Spring Boot ::                (v3.2.0)

2024-03-21T09:20:20.537-05:00  INFO 9016 --- [           main] c.m.security.SecurityApplicationTests    : Starting SecurityApplicationTests using Java 17.0.10 with PID 9016 (started by Admin in C:\Users\Admin\Desktop\Trabajo\apiProyectoDAE)
2024-03-21T09:20:20.541-05:00  INFO 9016 --- [           main] c.m.security.SecurityApplicationTests    : No active profile set, falling back to 1 default profile: "default"
2024-03-21T09:20:21.830-05:00  INFO 9016 --- [           main] .s.d.r.c.RepositoryConfigurationDelegate : Bootstrapping Spring Data MongoDB repositories in DEFAULT mode.
2024-03-21T09:20:21.929-05:00  INFO 9016 --- [           main] .s.d.r.c.RepositoryConfigurationDelegate : Finished Spring Data repository scanning in 92 ms. Found 3 MongoDB repository interfaces.
2024-03-21T09:20:23.008-05:00  INFO 9016 --- [           main] org.mongodb.driver.client                : MongoClient with metadata {"driver": {"name": "mongo-java-driver|sync|spring-boot", "version": "4.11.1"}, "os": {"type": "Windows", "name": "Windows 10", "architecture": "amd64", "version": "10.0"}, "platform": "Java/Eclipse Adoptium/17.0.10+7"} created with settings MongoClientSettings{readPreference=primary, writeConcern=WriteConcern{w=majority, wTimeout=null ms, journal=null}, retryWrites=true, retryReads=true, readConcern=ReadConcern{level=null}, credential=MongoCredential{mechanism=null, userName='sebas', source='admin', password=<hidden>, mechanismProperties=<hidden>}, transportSettings=null, streamFactoryFactory=null, commandListeners=[], codecRegistry=ProvidersCodecRegistry{codecProviders=[ValueCodecProvider{}, BsonValueCodecProvider{}, DBRefCodecProvider{}, DBObjectCodecProvider{}, DocumentCodecProvider{}, CollectionCodecProvider{}, IterableCodecProvider{}, MapCodecProvider{}, GeoJsonCodecProvider{}, GridFSFileCodecProvider{}, Jsr310CodecProvider{}, JsonObjectCodecProvider{}, BsonCodecProvider{}, EnumCodecProvider{}, com.mongodb.client.model.mql.ExpressionCodecProvider@28e0e464, com.mongodb.Jep395RecordCodecProvider@1d98daa0, com.mongodb.KotlinCodecProvider@70a898b0]}, loggerSettings=LoggerSettings{maxDocumentLength=1000}, clusterSettings={hosts=[127.0.0.1:27017], srvHost=cluster0.yjcnpdr.mongodb.net, srvServiceName=mongodb, mode=MULTIPLE, requiredClusterType=REPLICA_SET, requiredReplicaSetName='atlas-62t4n2-shard-0', serverSelector='null', clusterListeners='[]', serverSelectionTimeout='30000 ms', localThreshold='15 ms'}, socketSettings=SocketSettings{connectTimeoutMS=10000, readTimeoutMS=0, receiveBufferSize=0, proxySettings=ProxySettings{host=null, port=null, username=null, password=null}}, heartbeatSocketSettings=SocketSettings{connectTimeoutMS=10000, readTimeoutMS=10000, receiveBufferSize=0, proxySettings=ProxySettings{host=null, port=null, username=null, password=null}}, connectionPoolSettings=ConnectionPoolSettings{maxSize=100, minSize=0, maxWaitTimeMS=120000, maxConnectionLifeTimeMS=0, maxConnectionIdleTimeMS=0, maintenanceInitialDelayMS=0, maintenanceFrequencyMS=60000, connectionPoolListeners=[], maxConnecting=2}, serverSettings=ServerSettings{heartbeatFrequencyMS=10000, minHeartbeatFrequencyMS=500, serverListeners='[]', serverMonitorListeners='[]'}, sslSettings=SslSettings{enabled=true, invalidHostNameAllowed=false, context=null}, applicationName='null', compressorList=[], uuidRepresentation=JAVA_LEGACY, serverApi=null, autoEncryptionSettings=null, dnsClient=null, inetAddressResolver=null, contextProvider=null}
2024-03-21T09:20:23.200-05:00  INFO 9016 --- [pdr.mongodb.net] org.mongodb.driver.cluster               : Adding discovered server ac-oam6lbz-shard-00-02.yjcnpdr.mongodb.net:27017 to client view of cluster
2024-03-21T09:20:23.241-05:00  INFO 9016 --- [pdr.mongodb.net] org.mongodb.driver.cluster               : Adding discovered server ac-oam6lbz-shard-00-01.yjcnpdr.mongodb.net:27017 to client view of cluster
2024-03-21T09:20:23.246-05:00  INFO 9016 --- [pdr.mongodb.net] org.mongodb.driver.cluster               : Adding discovered server ac-oam6lbz-shard-00-00.yjcnpdr.mongodb.net:27017 to client view of cluster
2024-03-21T09:20:24.424-05:00  INFO 9016 --- [ngodb.net:27017] org.mongodb.driver.cluster               : Monitor thread successfully connected to server with description ServerDescription{address=ac-oam6lbz-shard-00-02.yjcnpdr.mongodb.net:27017, type=REPLICA_SET_SECONDARY, state=CONNECTED, ok=true, minWireVersion=0, maxWireVersion=21, maxDocumentSize=16777216, logicalSessionTimeoutMinutes=30, roundTripTimeNanos=608150400, setName='atlas-62t4n2-shard-0', canonicalAddress=ac-oam6lbz-shard-00-02.yjcnpdr.mongodb.net:27017, hosts=[ac-oam6lbz-shard-00-02.yjcnpdr.mongodb.net:27017, ac-oam6lbz-shard-00-01.yjcnpdr.mongodb.net:27017, ac-oam6lbz-shard-00-00.yjcnpdr.mongodb.net:27017], passives=[], arbiters=[], primary='ac-oam6lbz-shard-00-01.yjcnpdr.mongodb.net:27017', tagSet=TagSet{[Tag{name='availabilityZone', value='sae1-az2'}, Tag{name='diskState', value='READY'}, Tag{name='nodeType', value='ELECTABLE'}, Tag{name='provider', value='AWS'}, Tag{name='region', value='SA_EAST_1'}, Tag{name='workloadType', value='OPERATIONAL'}]}, electionId=null, setVersion=3, topologyVersion=TopologyVersion{processId=65f9c91aefd4422fb0358c88, counter=3}, lastWriteDate=Thu Mar 21 09:20:25 COT 2024, lastUpdateTimeNanos=1158273598800}
2024-03-21T09:20:24.424-05:00  INFO 9016 --- [ngodb.net:27017] org.mongodb.driver.cluster               : Monitor thread successfully connected to server with description ServerDescription{address=ac-oam6lbz-shard-00-00.yjcnpdr.mongodb.net:27017, type=REPLICA_SET_SECONDARY, state=CONNECTED, ok=true, minWireVersion=0, maxWireVersion=21, maxDocumentSize=16777216, logicalSessionTimeoutMinutes=30, roundTripTimeNanos=610179200, setName='atlas-62t4n2-shard-0', canonicalAddress=ac-oam6lbz-shard-00-00.yjcnpdr.mongodb.net:27017, hosts=[ac-oam6lbz-shard-00-02.yjcnpdr.mongodb.net:27017, ac-oam6lbz-shard-00-01.yjcnpdr.mongodb.net:27017, ac-oam6lbz-shard-00-00.yjcnpdr.mongodb.net:27017], passives=[], arbiters=[], primary='ac-oam6lbz-shard-00-01.yjcnpdr.mongodb.net:27017', tagSet=TagSet{[Tag{name='availabilityZone', value='sae1-az1'}, Tag{name='diskState', value='READY'}, Tag{name='nodeType', value='ELECTABLE'}, Tag{name='provider', value='AWS'}, Tag{name='region', value='SA_EAST_1'}, Tag{name='workloadType', value='OPERATIONAL'}]}, electionId=null, setVersion=3, topologyVersion=TopologyVersion{processId=65f9c8724834c46638d7b98b, counter=4}, lastWriteDate=Thu Mar 21 09:20:25 COT 2024, lastUpdateTimeNanos=1158272075700}
2024-03-21T09:20:24.429-05:00  INFO 9016 --- [ngodb.net:27017] org.mongodb.driver.cluster               : Monitor thread successfully connected to server with description ServerDescription{address=ac-oam6lbz-shard-00-01.yjcnpdr.mongodb.net:27017, type=REPLICA_SET_PRIMARY, state=CONNECTED, ok=true, minWireVersion=0, maxWireVersion=21, maxDocumentSize=16777216, logicalSessionTimeoutMinutes=30, roundTripTimeNanos=616710200, setName='atlas-62t4n2-shard-0', canonicalAddress=ac-oam6lbz-shard-00-01.yjcnpdr.mongodb.net:27017, hosts=[ac-oam6lbz-shard-00-02.yjcnpdr.mongodb.net:27017, ac-oam6lbz-shard-00-01.yjcnpdr.mongodb.net:27017, ac-oam6lbz-shard-00-00.yjcnpdr.mongodb.net:27017], passives=[], arbiters=[], primary='ac-oam6lbz-shard-00-01.yjcnpdr.mongodb.net:27017', tagSet=TagSet{[Tag{name='availabilityZone', value='sae1-az3'}, Tag{name='diskState', value='READY'}, Tag{name='nodeType', value='ELECTABLE'}, Tag{name='provider', value='AWS'}, Tag{name='region', value='SA_EAST_1'}, Tag{name='workloadType', value='OPERATIONAL'}]}, electionId=7fffffff0000000000000087, setVersion=3, topologyVersion=TopologyVersion{processId=65f9c8c6b3f868063c953002, counter=6}, lastWriteDate=Thu Mar 21 09:20:25 COT 2024, lastUpdateTimeNanos=1158279509500}
2024-03-21T09:20:24.431-05:00  INFO 9016 --- [ngodb.net:27017] org.mongodb.driver.cluster               : Discovered replica set primary ac-oam6lbz-shard-00-01.yjcnpdr.mongodb.net:27017 with max election id 7fffffff0000000000000087 and max set version 3
2024-03-21T09:20:24.841-05:00  INFO 9016 --- [           main] o.s.s.web.DefaultSecurityFilterChain     : Will secure any request with [org.springframework.security.web.session.DisableEncodeUrlFilter@53e93fb7, org.springframework.security.web.context.request.async.WebAsyncManagerIntegrationFilter@3a861417, org.springframework.security.web.context.SecurityContextHolderFilter@2094bf3d, org.springframework.security.web.header.HeaderWriterFilter@5db0003d, org.springframework.web.filter.CorsFilter@2326180c, org.springframework.security.web.authentication.logout.LogoutFilter@554566a8, com.mercado.security.config.security.filter.JwtAuthenticatonFilter@68e47e7, org.springframework.security.web.savedrequest.RequestCacheAwareFilter@7f6b7426, org.springframework.security.web.servletapi.SecurityContextHolderAwareRequestFilter@687eb455, org.springframework.security.web.authentication.AnonymousAuthenticationFilter@1c00d406, org.springframework.security.web.session.SessionManagementFilter@e26a3df, org.springframework.security.web.access.ExceptionTranslationFilter@935d3f9, org.springframework.security.web.access.intercept.AuthorizationFilter@223967ea]
2024-03-21T09:20:25.248-05:00  INFO 9016 --- [           main] c.m.security.SecurityApplicationTests    : Started SecurityApplicationTests in 5.128 seconds (process running for 6.832)
]]></system-out>
  </testcase>
</testsuite>