<?xml version="1.0" encoding="UTF-8"?>
<testsuite xmlns:xsi="http://www.w3.org/2001/XMLSchema-instance" xsi:noNamespaceSchemaLocation="https://maven.apache.org/surefire/maven-surefire-plugin/xsd/surefire-test-report-3.0.xsd" version="3.0" name="com.mercado.security.SecurityApplicationTests" time="6.29" tests="1" errors="0" skipped="0" failures="0">
  <properties>
[...]
</properties>
  <testcase name="contextLoads" classname="com.mercado.security.SecurityApplicationTests" time="1.172">
    <system-out><![CDATA[10:34:02.023 [main] INFO org.springframework.test.context.support.AnnotationConfigContextLoaderUtils -- Could not detect default configuration classes for test class [com.mercado.security.SecurityApplicationTests]: SecurityApplicationTests does not declare any static, non-private, non-final, nested classes annotated with @Configuration.
10:34:02.208 [main] INFO org.springframework.boot.test.context.SpringBootTestContextBootstrapper -- Found @SpringBootConfiguration com.mercado.security.SecurityApplication for test class com.mercado.security.SecurityApplicationTests

  .   ____          _            __ _ _
 /\\ / ___'_ __ _ _(_)_ __  __ _ \ \ \ \
( ( )\___ | '_ | '_| | '_ \/ _` | \ \ \ \
 \\/  ___)| |_)| | | | | || (_| |  ) ) ) )
  '  |____| .__|_| |_|_| |_\__, | / / / /
 =========|_|==============|___/=/_/_/_/
 :: Spring Boot ::                (v3.2.0)

2024-02-07T10:34:02.882-05:00  INFO 26696 --- [           main] c.m.security.SecurityApplicationTests    : Starting SecurityApplicationTests using Java 17.0.9 with PID 26696 (started by anton in C:\Users\anton\OneDrive\Desktop\Trabajo\Api)
2024-02-07T10:34:02.884-05:00  INFO 26696 --- [           main] c.m.security.SecurityApplicationTests    : No active profile set, falling back to 1 default profile: "default"
2024-02-07T10:34:04.128-05:00  INFO 26696 --- [           main] .s.d.r.c.RepositoryConfigurationDelegate : Bootstrapping Spring Data MongoDB repositories in DEFAULT mode.
2024-02-07T10:34:04.218-05:00  INFO 26696 --- [           main] .s.d.r.c.RepositoryConfigurationDelegate : Finished Spring Data repository scanning in 82 ms. Found 3 MongoDB repository interfaces.
2024-02-07T10:34:05.130-05:00  INFO 26696 --- [           main] org.mongodb.driver.client                : MongoClient with metadata {"driver": {"name": "mongo-java-driver|sync|spring-boot", "version": "4.11.1"}, "os": {"type": "Windows", "name": "Windows 10", "architecture": "amd64", "version": "10.0"}, "platform": "Java/Eclipse Adoptium/17.0.9+9"} created with settings MongoClientSettings{readPreference=primary, writeConcern=WriteConcern{w=majority, wTimeout=null ms, journal=null}, retryWrites=true, retryReads=true, readConcern=ReadConcern{level=null}, credential=MongoCredential{mechanism=null, userName='sebas', source='admin', password=<hidden>, mechanismProperties=<hidden>}, transportSettings=null, streamFactoryFactory=null, commandListeners=[], codecRegistry=ProvidersCodecRegistry{codecProviders=[ValueCodecProvider{}, BsonValueCodecProvider{}, DBRefCodecProvider{}, DBObjectCodecProvider{}, DocumentCodecProvider{}, CollectionCodecProvider{}, IterableCodecProvider{}, MapCodecProvider{}, GeoJsonCodecProvider{}, GridFSFileCodecProvider{}, Jsr310CodecProvider{}, JsonObjectCodecProvider{}, BsonCodecProvider{}, EnumCodecProvider{}, com.mongodb.client.model.mql.ExpressionCodecProvider@2fd72332, com.mongodb.Jep395RecordCodecProvider@51f18e31, com.mongodb.KotlinCodecProvider@60ed12e8]}, loggerSettings=LoggerSettings{maxDocumentLength=1000}, clusterSettings={hosts=[127.0.0.1:27017], srvHost=cluster0.yjcnpdr.mongodb.net, srvServiceName=mongodb, mode=MULTIPLE, requiredClusterType=REPLICA_SET, requiredReplicaSetName='atlas-62t4n2-shard-0', serverSelector='null', clusterListeners='[]', serverSelectionTimeout='30000 ms', localThreshold='15 ms'}, socketSettings=SocketSettings{connectTimeoutMS=10000, readTimeoutMS=0, receiveBufferSize=0, proxySettings=ProxySettings{host=null, port=null, username=null, password=null}}, heartbeatSocketSettings=SocketSettings{connectTimeoutMS=10000, readTimeoutMS=10000, receiveBufferSize=0, proxySettings=ProxySettings{host=null, port=null, username=null, password=null}}, connectionPoolSettings=ConnectionPoolSettings{maxSize=100, minSize=0, maxWaitTimeMS=120000, maxConnectionLifeTimeMS=0, maxConnectionIdleTimeMS=0, maintenanceInitialDelayMS=0, maintenanceFrequencyMS=60000, connectionPoolListeners=[], maxConnecting=2}, serverSettings=ServerSettings{heartbeatFrequencyMS=10000, minHeartbeatFrequencyMS=500, serverListeners='[]', serverMonitorListeners='[]'}, sslSettings=SslSettings{enabled=true, invalidHostNameAllowed=false, context=null}, applicationName='null', compressorList=[], uuidRepresentation=JAVA_LEGACY, serverApi=null, autoEncryptionSettings=null, dnsClient=null, inetAddressResolver=null, contextProvider=null}
2024-02-07T10:34:05.289-05:00  INFO 26696 --- [pdr.mongodb.net] org.mongodb.driver.cluster               : Adding discovered server ac-oam6lbz-shard-00-02.yjcnpdr.mongodb.net:27017 to client view of cluster
2024-02-07T10:34:05.329-05:00  INFO 26696 --- [pdr.mongodb.net] org.mongodb.driver.cluster               : Adding discovered server ac-oam6lbz-shard-00-01.yjcnpdr.mongodb.net:27017 to client view of cluster
2024-02-07T10:34:05.333-05:00  INFO 26696 --- [pdr.mongodb.net] org.mongodb.driver.cluster               : Adding discovered server ac-oam6lbz-shard-00-00.yjcnpdr.mongodb.net:27017 to client view of cluster
2024-02-07T10:34:06.385-05:00  INFO 26696 --- [           main] o.s.s.web.DefaultSecurityFilterChain     : Will secure any request with [org.springframework.security.web.session.DisableEncodeUrlFilter@762bf32d, org.springframework.security.web.context.request.async.WebAsyncManagerIntegrationFilter@6d7740f0, org.springframework.security.web.context.SecurityContextHolderFilter@1e92c3b6, org.springframework.security.web.header.HeaderWriterFilter@27c53c32, org.springframework.web.filter.CorsFilter@7b1a30e5, org.springframework.security.web.authentication.logout.LogoutFilter@2b7facc7, com.mercado.security.config.security.filter.JwtAuthenticatonFilter@1de7f898, org.springframework.security.web.savedrequest.RequestCacheAwareFilter@207dd1b7, org.springframework.security.web.servletapi.SecurityContextHolderAwareRequestFilter@2baac4a7, org.springframework.security.web.authentication.AnonymousAuthenticationFilter@34fcd292, org.springframework.security.web.session.SessionManagementFilter@26fadd98, org.springframework.security.web.access.ExceptionTranslationFilter@2ec85a25, org.springframework.security.web.access.intercept.AuthorizationFilter@18907af2]
2024-02-07T10:34:06.807-05:00  INFO 26696 --- [           main] c.m.security.SecurityApplicationTests    : Started SecurityApplicationTests in 4.327 seconds (process running for 6.178)
2024-02-07T10:34:06.989-05:00  INFO 26696 --- [ngodb.net:27017] org.mongodb.driver.cluster               : Monitor thread successfully connected to server with description ServerDescription{address=ac-oam6lbz-shard-00-00.yjcnpdr.mongodb.net:27017, type=REPLICA_SET_SECONDARY, state=CONNECTED, ok=true, minWireVersion=0, maxWireVersion=17, maxDocumentSize=16777216, logicalSessionTimeoutMinutes=30, roundTripTimeNanos=762526600, setName='atlas-62t4n2-shard-0', canonicalAddress=ac-oam6lbz-shard-00-00.yjcnpdr.mongodb.net:27017, hosts=[ac-oam6lbz-shard-00-02.yjcnpdr.mongodb.net:27017, ac-oam6lbz-shard-00-01.yjcnpdr.mongodb.net:27017, ac-oam6lbz-shard-00-00.yjcnpdr.mongodb.net:27017], passives=[], arbiters=[], primary='ac-oam6lbz-shard-00-02.yjcnpdr.mongodb.net:27017', tagSet=TagSet{[Tag{name='availabilityZone', value='sae1-az1'}, Tag{name='diskState', value='READY'}, Tag{name='nodeType', value='ELECTABLE'}, Tag{name='provider', value='AWS'}, Tag{name='region', value='SA_EAST_1'}, Tag{name='workloadType', value='OPERATIONAL'}]}, electionId=null, setVersion=3, topologyVersion=TopologyVersion{processId=65b93c1a0192e1e3f1c5b3a8, counter=4}, lastWriteDate=Wed Feb 07 10:34:06 COT 2024, lastUpdateTimeNanos=82144732082700}
2024-02-07T10:34:06.989-05:00  INFO 26696 --- [ngodb.net:27017] org.mongodb.driver.cluster               : Monitor thread successfully connected to server with description ServerDescription{address=ac-oam6lbz-shard-00-02.yjcnpdr.mongodb.net:27017, type=REPLICA_SET_PRIMARY, state=CONNECTED, ok=true, minWireVersion=0, maxWireVersion=17, maxDocumentSize=16777216, logicalSessionTimeoutMinutes=30, roundTripTimeNanos=749449700, setName='atlas-62t4n2-shard-0', canonicalAddress=ac-oam6lbz-shard-00-02.yjcnpdr.mongodb.net:27017, hosts=[ac-oam6lbz-shard-00-02.yjcnpdr.mongodb.net:27017, ac-oam6lbz-shard-00-01.yjcnpdr.mongodb.net:27017, ac-oam6lbz-shard-00-00.yjcnpdr.mongodb.net:27017], passives=[], arbiters=[], primary='ac-oam6lbz-shard-00-02.yjcnpdr.mongodb.net:27017', tagSet=TagSet{[Tag{name='availabilityZone', value='sae1-az2'}, Tag{name='diskState', value='READY'}, Tag{name='nodeType', value='ELECTABLE'}, Tag{name='provider', value='AWS'}, Tag{name='region', value='SA_EAST_1'}, Tag{name='workloadType', value='OPERATIONAL'}]}, electionId=7fffffff0000000000000082, setVersion=3, topologyVersion=TopologyVersion{processId=65b93ec832357c72840d0664, counter=6}, lastWriteDate=Wed Feb 07 10:34:06 COT 2024, lastUpdateTimeNanos=82144732082800}
2024-02-07T10:34:06.989-05:00  INFO 26696 --- [ngodb.net:27017] org.mongodb.driver.cluster               : Monitor thread successfully connected to server with description ServerDescription{address=ac-oam6lbz-shard-00-01.yjcnpdr.mongodb.net:27017, type=REPLICA_SET_SECONDARY, state=CONNECTED, ok=true, minWireVersion=0, maxWireVersion=17, maxDocumentSize=16777216, logicalSessionTimeoutMinutes=30, roundTripTimeNanos=762518700, setName='atlas-62t4n2-shard-0', canonicalAddress=ac-oam6lbz-shard-00-01.yjcnpdr.mongodb.net:27017, hosts=[ac-oam6lbz-shard-00-02.yjcnpdr.mongodb.net:27017, ac-oam6lbz-shard-00-01.yjcnpdr.mongodb.net:27017, ac-oam6lbz-shard-00-00.yjcnpdr.mongodb.net:27017], passives=[], arbiters=[], primary='ac-oam6lbz-shard-00-02.yjcnpdr.mongodb.net:27017', tagSet=TagSet{[Tag{name='availabilityZone', value='sae1-az3'}, Tag{name='diskState', value='READY'}, Tag{name='nodeType', value='ELECTABLE'}, Tag{name='provider', value='AWS'}, Tag{name='region', value='SA_EAST_1'}, Tag{name='workloadType', value='OPERATIONAL'}]}, electionId=null, setVersion=3, topologyVersion=TopologyVersion{processId=65b940e68d9fbfd1b883e819, counter=3}, lastWriteDate=Wed Feb 07 10:34:06 COT 2024, lastUpdateTimeNanos=82144732082800}
2024-02-07T10:34:06.994-05:00  INFO 26696 --- [ngodb.net:27017] org.mongodb.driver.cluster               : Discovered replica set primary ac-oam6lbz-shard-00-02.yjcnpdr.mongodb.net:27017 with max election id 7fffffff0000000000000082 and max set version 3
]]></system-out>
  </testcase>
</testsuite>